###############################################################################
#
# IAR C/C++ Compiler V7.11.1.983/W32 for MSP430           14/Apr/2018  15:29:48
# Copyright 1996-2017 IAR Systems AB.
# Standalone license - IAR Embedded Workbench for Texas Instruments MSP430, 8K KickStart Edition 7.11
#
#    __rt_version  =  3
#    __double_size =  32
#    __reg_r4      =  free
#    __reg_r5      =  free
#    __pic         =  no
#    __core        =  430X
#    __data_model  =  small
#    __code_model  =  large
#    Source file   =  C:\Users\Stuart\Desktop\ECE 306\Project 10\receive.c
#    Command line  =  
#        -f C:\Users\Stuart\AppData\Local\Temp\EW311B.tmp
#        ("C:\Users\Stuart\Desktop\ECE 306\Project 10\receive.c" -lC
#        "C:\Users\Stuart\Desktop\ECE 306\Project 10\Debug\List" -o
#        "C:\Users\Stuart\Desktop\ECE 306\Project 10\Debug\Obj" --no_cse
#        --no_unroll --no_inline --no_code_motion --no_tbaa --debug
#        -D__MSP430FR5994__ -e --double=32 --dlib_config "C:\Program Files
#        (x86)\IAR Systems\Embedded Workbench 8.0\430\lib\dlib\dl430xlsfn.h"
#        --core=430X --data_model=small -On --multiplier=32
#        --hw_workaround=CPU40 --code_model=large)
#    Locale        =  English_USA.1252
#    List file     =  
#        C:\Users\Stuart\Desktop\ECE 306\Project 10\Debug\List\receive.lst
#    Object file   =  
#        C:\Users\Stuart\Desktop\ECE 306\Project 10\Debug\Obj\receive.r43
#
###############################################################################



 

 


Errors: none
Warnings: none
